2023-05-16 21:05:64 INFO  HomePage :104 - Select Electronics menu : [[ChromeDriver: chrome on WINDOWS (3a7d81767cc7d9a1d10af411981d9920)] -> xpath: //ul[@class='top-menu notmobile']//a[normalize-space()='Electronics']]
2023-05-16 21:05:224 INFO  HomePage :113 - Select mobile phone menu : [[ChromeDriver: chrome on WINDOWS (3a7d81767cc7d9a1d10af411981d9920)] -> xpath: //ul[@class='top-menu notmobile']//a[normalize-space()='Cell phones']]
2023-05-16 21:05:252 INFO  CellPhonePage :61 - Get Cell Phone Text : [[ChromeDriver: chrome on WINDOWS (3a7d81767cc7d9a1d10af411981d9920)] -> xpath: //h1[normalize-space()='Cell phones']]
2023-05-16 21:05:282 INFO  CellPhonePage :69 - Click on List View Icon  : [[ChromeDriver: chrome on WINDOWS (3a7d81767cc7d9a1d10af411981d9920)] -> xpath: //a[normalize-space()='List']]
2023-05-16 21:05:329 INFO  CellPhonePage :81 - Click on Phone option  : 
2023-05-16 21:05:742 INFO  CellPhonePage :93 - Get Product name Text  : [[ChromeDriver: chrome on WINDOWS (3a7d81767cc7d9a1d10af411981d9920)] -> xpath: //h1[normalize-space()='Nokia Lumia 1020']]
2023-05-16 21:05:780 INFO  CellPhonePage :105 - Get Price Text  : [[ChromeDriver: chrome on WINDOWS (3a7d81767cc7d9a1d10af411981d9920)] -> xpath: //div[@class='product-price']//span[normalize-space()='$349.00']]
2023-05-16 21:05:828 INFO  CellPhonePage :117 - Update the order qty.  : [[ChromeDriver: chrome on WINDOWS (3a7d81767cc7d9a1d10af411981d9920)] -> xpath: //input[@id='product_enteredQuantity_20']]
2023-05-16 21:05:979 INFO  CellPhonePage :129 - Click on add to cart button  : [[ChromeDriver: chrome on WINDOWS (3a7d81767cc7d9a1d10af411981d9920)] -> xpath: //button[@id='add-to-cart-button-20']]
2023-05-16 21:05:65 INFO  CellPhonePage :141 - Verify product added successfully in shopping cart  : [[ChromeDriver: chrome on WINDOWS (3a7d81767cc7d9a1d10af411981d9920)] -> xpath: //div[@id='bar-notification']]
2023-05-16 21:05:114 INFO  CellPhonePage :163 - Close the notification bar  : [[ChromeDriver: chrome on WINDOWS (3a7d81767cc7d9a1d10af411981d9920)] -> xpath: //body/div[@id='bar-notification']/div[1]/span[1]]
2023-05-16 21:05:191 INFO  ShoppingCartPage :123 - Click on shopping cart button : [[ChromeDriver: chrome on WINDOWS (3a7d81767cc7d9a1d10af411981d9920)] -> xpath: //span[@class='cart-label']]
2023-05-16 21:05:363 INFO  ShoppingCartPage :134 - Click on got to cart button : [[ChromeDriver: chrome on WINDOWS (3a7d81767cc7d9a1d10af411981d9920)] -> xpath: //button[normalize-space()='Go to cart']]
2023-05-16 21:05:945 INFO  ShoppingCartPage :54 - Verify shopping cart message : [[ChromeDriver: chrome on WINDOWS (3a7d81767cc7d9a1d10af411981d9920)] -> xpath: //h1[normalize-space()='Shopping cart']]
2023-05-16 21:05:571 INFO  BuildYourOwnComputerPage :196 - Mousehover on shopping cart and click : [[ChromeDriver: chrome on WINDOWS (3a7d81767cc7d9a1d10af411981d9920)] -> xpath: //button[normalize-space()='Go to cart']]
2023-05-16 21:05:590 INFO  ShoppingCartPage :54 - Verify shopping cart message : [[ChromeDriver: chrome on WINDOWS (3a7d81767cc7d9a1d10af411981d9920)] -> xpath: //h1[normalize-space()='Shopping cart']]
2023-05-16 21:05:622 INFO  ShoppingCartPage :146 - Verify order qty. : [[ChromeDriver: chrome on WINDOWS (3a7d81767cc7d9a1d10af411981d9920)] -> xpath: //button[normalize-space()='Go to cart']]
2023-05-16 21:05:690 INFO  ShoppingCartPage :66 - Verify price : [[ChromeDriver: chrome on WINDOWS (3a7d81767cc7d9a1d10af411981d9920)] -> xpath: //span[@class='value-summary']//strong]
2023-05-16 21:05:728 INFO  ShoppingCartPage :101 - Click on terms and condition : [[ChromeDriver: chrome on WINDOWS (3a7d81767cc7d9a1d10af411981d9920)] -> xpath: //input[@id='termsofservice']]
2023-05-16 21:05:792 INFO  ShoppingCartPage :112 - Click on checkout button : [[ChromeDriver: chrome on WINDOWS (3a7d81767cc7d9a1d10af411981d9920)] -> xpath: //button[@id='checkout']]
2023-05-16 21:05:351 INFO  LoginPage :43 - Verify welcome message : [[ChromeDriver: chrome on WINDOWS (3a7d81767cc7d9a1d10af411981d9920)] -> xpath: //h1[contains(text(),'Welcome, Please Sign In!')]]
2023-05-16 21:05:373 INFO  HomePage :121 - Click on register button : [[ChromeDriver: chrome on WINDOWS (3a7d81767cc7d9a1d10af411981d9920)] -> xpath: //button[@class='button-1 register-button']]
2023-05-16 21:05:727 INFO  RegisterPage :49 - Enter First name : [[ChromeDriver: chrome on WINDOWS (3a7d81767cc7d9a1d10af411981d9920)] -> xpath: //input[@id='FirstName']]
2023-05-16 21:05:838 INFO  RegisterPage :61 - Enter Last name : [[ChromeDriver: chrome on WINDOWS (3a7d81767cc7d9a1d10af411981d9920)] -> xpath: //input[@id='LastName']]
2023-05-16 21:05:934 INFO  RegisterPage :73 - Enter email address : [[ChromeDriver: chrome on WINDOWS (3a7d81767cc7d9a1d10af411981d9920)] -> xpath: //input[@id='Email']]
2023-05-16 21:05:78 INFO  RegisterPage :85 - Enter password : [[ChromeDriver: chrome on WINDOWS (3a7d81767cc7d9a1d10af411981d9920)] -> xpath: //input[@id='Password']]
2023-05-16 21:05:180 INFO  RegisterPage :97 - Enter confirm password : [[ChromeDriver: chrome on WINDOWS (3a7d81767cc7d9a1d10af411981d9920)] -> xpath: //input[@id='ConfirmPassword']]
2023-05-16 21:05:263 INFO  RegisterPage :108 - Click on registration button : [[ChromeDriver: chrome on WINDOWS (3a7d81767cc7d9a1d10af411981d9920)] -> xpath: //button[@id='register-button']]
2023-05-16 21:05:946 INFO  RegisterPage :120 - Verify registration complete message : [[ChromeDriver: chrome on WINDOWS (3a7d81767cc7d9a1d10af411981d9920)] -> xpath: //div[@class='result']]
2023-05-16 21:05:787 INFO  HomePage :49 - Click on computer menu : [[ChromeDriver: chrome on WINDOWS (ec1c3b350777cea6b97941cfdf536301)] -> xpath: //ul[@class='top-menu notmobile']//a[normalize-space()='Computers']]
2023-05-16 21:05:762 INFO  ComputerPage :55 - Select shopping option : [[ChromeDriver: chrome on WINDOWS (ec1c3b350777cea6b97941cfdf536301)] -> xpath: //select[@id='products-orderby']]
2023-05-16 21:05:882 INFO  ComputerPage :68 - Click on add to cart by product name : 
2023-05-16 21:05:43 INFO  BuildYourOwnComputerPage :65 - Get text Build your own computer Tex : [[ChromeDriver: chrome on WINDOWS (ec1c3b350777cea6b97941cfdf536301)] -> xpath: //h1[normalize-space()='Build your own computer']]
2023-05-16 21:05:147 INFO  BuildYourOwnComputerPage :78 - Select processor : [[ChromeDriver: chrome on WINDOWS (ec1c3b350777cea6b97941cfdf536301)] -> xpath: //select[@id='product_attribute_1']]
2023-05-16 21:05:297 INFO  BuildYourOwnComputerPage :90 - Select processor : [[ChromeDriver: chrome on WINDOWS (ec1c3b350777cea6b97941cfdf536301)] -> xpath: //select[@id='product_attribute_1']]
2023-05-16 21:05:367 INFO  BuildYourOwnComputerPage :103 - Select HDD : 
2023-05-16 21:05:451 INFO  BuildYourOwnComputerPage :115 - Select Os : 
2023-05-16 21:05:643 INFO  BuildYourOwnComputerPage :126 - Select HDD : [[ChromeDriver: chrome on WINDOWS (ec1c3b350777cea6b97941cfdf536301)] -> xpath: //input[@id='product_attribute_5_10']]
2023-05-16 21:05:729 INFO  BuildYourOwnComputerPage :137 - Select Commander Option : [[ChromeDriver: chrome on WINDOWS (ec1c3b350777cea6b97941cfdf536301)] -> xpath: //input[@id='product_attribute_5_12']]
2023-05-16 21:05:764 INFO  BuildYourOwnComputerPage :148 - Verify total price : [[ChromeDriver: chrome on WINDOWS (ec1c3b350777cea6b97941cfdf536301)] -> xpath: //div[@class='product-price']//span]
2023-05-16 21:05:842 INFO  BuildYourOwnComputerPage :161 - Click on add to Cart button  : [[ChromeDriver: chrome on WINDOWS (ec1c3b350777cea6b97941cfdf536301)] -> xpath: //button[@id='add-to-cart-button-1']]
2023-05-16 21:05:875 INFO  BuildYourOwnComputerPage :172 - Get Successfully added to cart Text  : [[ChromeDriver: chrome on WINDOWS (ec1c3b350777cea6b97941cfdf536301)] -> xpath: //div[@id='bar-notification']]
2023-05-16 21:05:968 INFO  BuildYourOwnComputerPage :184 - Close notification bar  : [[ChromeDriver: chrome on WINDOWS (ec1c3b350777cea6b97941cfdf536301)] -> xpath: //span[@title='Close']]
2023-05-16 21:05:673 INFO  BuildYourOwnComputerPage :196 - Mousehover on shopping cart and click : [[ChromeDriver: chrome on WINDOWS (ec1c3b350777cea6b97941cfdf536301)] -> xpath: //button[normalize-space()='Go to cart']]
2023-05-16 21:05:703 INFO  ShoppingCartPage :54 - Verify shopping cart message : [[ChromeDriver: chrome on WINDOWS (ec1c3b350777cea6b97941cfdf536301)] -> xpath: //h1[normalize-space()='Shopping cart']]
2023-05-16 21:05:821 INFO  ShoppingCartPage :80 - Update order qty.: [[ChromeDriver: chrome on WINDOWS (ec1c3b350777cea6b97941cfdf536301)] -> xpath: //input[contains(@id,'itemquantity')]]
2023-05-16 21:05:852 INFO  ShoppingCartPage :90 - Click on update shopping cart button : [[ChromeDriver: chrome on WINDOWS (ec1c3b350777cea6b97941cfdf536301)] -> xpath: //button[@id='updatecart']]
2023-05-16 21:05:284 INFO  ShoppingCartPage :66 - Verify price : [[ChromeDriver: chrome on WINDOWS (ec1c3b350777cea6b97941cfdf536301)] -> xpath: //span[@class='value-summary']//strong]
2023-05-16 21:05:321 INFO  ShoppingCartPage :101 - Click on terms and condition : [[ChromeDriver: chrome on WINDOWS (ec1c3b350777cea6b97941cfdf536301)] -> xpath: //input[@id='termsofservice']]
2023-05-16 21:05:372 INFO  ShoppingCartPage :112 - Click on checkout button : [[ChromeDriver: chrome on WINDOWS (ec1c3b350777cea6b97941cfdf536301)] -> xpath: //button[@id='checkout']]
2023-05-16 21:05:903 INFO  LoginPage :43 - Verify welcome message : [[ChromeDriver: chrome on WINDOWS (ec1c3b350777cea6b97941cfdf536301)] -> xpath: //h1[contains(text(),'Welcome, Please Sign In!')]]
2023-05-16 21:05:923 INFO  LoginPage :51 - Click on guest checkout button : [[ChromeDriver: chrome on WINDOWS (ec1c3b350777cea6b97941cfdf536301)] -> xpath: //button[normalize-space()='Checkout as Guest']]
2023-05-16 21:05:632 INFO  CheckOutPage :102 - Enter First name  : [[ChromeDriver: chrome on WINDOWS (ec1c3b350777cea6b97941cfdf536301)] -> xpath: //input[@id='BillingNewAddress_FirstName']]
2023-05-16 21:05:717 INFO  CheckOutPage :114 - Enter last name  : [[ChromeDriver: chrome on WINDOWS (ec1c3b350777cea6b97941cfdf536301)] -> xpath: //input[@id='BillingNewAddress_LastName']]
2023-05-16 21:05:801 INFO  CheckOutPage :126 - Enter email name  : [[ChromeDriver: chrome on WINDOWS (ec1c3b350777cea6b97941cfdf536301)] -> xpath: //input[@id='BillingNewAddress_Email']]
2023-05-16 21:05:930 INFO  CheckOutPage :138 - Enter country name  : [[ChromeDriver: chrome on WINDOWS (ec1c3b350777cea6b97941cfdf536301)] -> xpath: //select[@id='BillingNewAddress_CountryId']]
2023-05-16 21:05:47 INFO  CheckOutPage :150 - Enter city name  : [[ChromeDriver: chrome on WINDOWS (ec1c3b350777cea6b97941cfdf536301)] -> xpath: //input[@id='BillingNewAddress_City']]
2023-05-16 21:05:119 INFO  CheckOutPage :162 - Enter address 1  : [[ChromeDriver: chrome on WINDOWS (ec1c3b350777cea6b97941cfdf536301)] -> xpath: //input[@id='BillingNewAddress_Address1']]
2023-05-16 21:05:207 INFO  CheckOutPage :174 - Enter zipcode : [[ChromeDriver: chrome on WINDOWS (ec1c3b350777cea6b97941cfdf536301)] -> xpath: //input[@id='BillingNewAddress_ZipPostalCode']]
2023-05-16 21:05:302 INFO  CheckOutPage :186 - Enter phone number : [[ChromeDriver: chrome on WINDOWS (ec1c3b350777cea6b97941cfdf536301)] -> xpath: //input[@id='BillingNewAddress_PhoneNumber']]
2023-05-16 21:05:415 INFO  CheckOutPage :197 - Click on continue button : [[ChromeDriver: chrome on WINDOWS (ec1c3b350777cea6b97941cfdf536301)] -> xpath: //button[@onclick='Billing.save()']]
2023-05-16 21:05:513 INFO  CheckOutPage :208 - Click next day air service : [[ChromeDriver: chrome on WINDOWS (ec1c3b350777cea6b97941cfdf536301)] -> xpath: //input[@id='shippingoption_1']]
2023-05-16 21:05:574 INFO  CheckOutPage :219 - Click on continue button : [[ChromeDriver: chrome on WINDOWS (ec1c3b350777cea6b97941cfdf536301)] -> xpath: //button[@class='button-1 shipping-method-next-step-button']]
2023-05-16 21:05:646 INFO  CheckOutPage :230 - Click on credit card payment option: [[ChromeDriver: chrome on WINDOWS (ec1c3b350777cea6b97941cfdf536301)] -> xpath: //input[@id='paymentmethod_1']]
2023-05-16 21:05:730 INFO  CheckOutPage :241 - Click on continue button : [[ChromeDriver: chrome on WINDOWS (ec1c3b350777cea6b97941cfdf536301)] -> xpath: //button[@class='button-1 payment-method-next-step-button']]
2023-05-16 21:05:792 INFO  CheckOutPage :219 - Click on continue button : [[ChromeDriver: chrome on WINDOWS (ec1c3b350777cea6b97941cfdf536301)] -> xpath: //button[@class='button-1 shipping-method-next-step-button']]
